therion 6.1.2 (2022-07-11)
  - using Proj 9.1.1, compiled against 9.1.1
checking optional fonts csr10 csti10 csbx10 csss10 csssi10 ... OK
checking optional fonts cmcyr10 cmcti10 cmcbx10 cmcss10 cmcssi10 ... OK
configuration file: thconfig.thcfg
reading ... done
reading source files ... done
preprocessing database ... done
output coordinate system: UTM16
meridian convergence (deg): -0.8053
geomag declinations (deg):
  2023.1.1  -4.7764
  2024.1.1  -4.8341
scanning centreline tree ... done
searching for centerline loops ... done
calculating station coordinates ... done
average loop error: 1.24%
processing survey data ... 
####################### cavern log file ########################
 1> Survex 1.4.3
 2> Copyright © 1990-2021 Olly Betts
 3> 
 4> Survey contains 1072 survey stations, joined by 1072 shots.
 5> There are 3 loops.
 6> Survey has 3 connected components.
 7> Total length of survey shots =  243.75m ( 243.73m adjusted)
 8> Total plan length of survey shots =  220.59m
 9> Total vertical length of survey shots =   62.11m
10> Vertical range = 44.49m (from 4 at 368.79m to 866 at 324.29m)
11> North-South range = 58.19m (from 943 at 3924646.49m to 57 at 3924588.30m)
12> East-West range = 72.17m (from 475 at 626008.06m to 947 at 625935.89m)
13> 1010 1-nodes.
14>    2 2-nodes.
15>    1 3-node.
16>    2 4-nodes.
17>    1 5-node.
18>    4 6-nodes.
19>    1 7-node.
20>    1 8-node.
21>    1 12-node.
22>    3 13-nodes.
23>    3 14-nodes.
24>    3 15-nodes.
25>    4 16-nodes.
26>    3 17-nodes.
27>    1 18-node.
28>    3 19-nodes.
29>    5 20-nodes.
30>    3 21-nodes.
31>    2 22-nodes.
32>    2 23-nodes.
33>    2 24-nodes.
34>    3 25-nodes.
35>    2 26-nodes.
36>    2 28-nodes.
37>    2 29-nodes.
38>    1 30-node.
39>    1 31-node.
40>    2 34-nodes.
41>    1 35-node.
42>    1 41-node.
43> 
######################### transcription ########################
 4> 1072 : ent@survey_1 -- 1072 : ent@survey_1
 5> 3 : .@survey_1
 6> 3 : .@survey_1
10> 4 : .@survey_1 -- 866 : .@survey_1
11> 943 : .@survey_1 -- 57 : .@survey_1
12> 475 : .@survey_1 -- 947 : .@survey_1
13> 1010 : .@survey_1
14> 2 : .@survey_1
15> 1 : A1@survey_1
16> 2 : .@survey_1
17> 1 : A1@survey_1
18> 4 : .@survey_1
19> 1 : A1@survey_1
20> 1 : A1@survey_1
21> 1 : A1@survey_1
22> 3 : .@survey_1
23> 3 : .@survey_1
24> 3 : .@survey_1
25> 4 : .@survey_1
26> 3 : .@survey_1
27> 1 : A1@survey_1
28> 3 : .@survey_1
29> 5 : .@survey_1
30> 3 : .@survey_1
31> 2 : .@survey_1
32> 2 : .@survey_1
33> 2 : .@survey_1
34> 3 : .@survey_1
35> 2 : .@survey_1
36> 2 : .@survey_1
37> 2 : .@survey_1
38> 1 : A1@survey_1
39> 1 : A1@survey_1
40> 2 : .@survey_1
41> 1 : A1@survey_1
42> 1 : A1@survey_1
#################### end of cavern log file ####################
done
calculating basic statistics ... done
processing extended elevation ... done
processing references ... done
selecting export objects ... done
writing output/lineplots/GD79 Sausage Cave Model.3d ... done
writing output/lineplots/GD79 Sausage Cave Model.ersi ... done
writing output/lineplots/GD79 Sausage Cave Model.plt ... done
writing output/lineplots/GD79 Sausage Cave Model.lox ...
processing projection plan ... done
average distortion: 0.13%
...
therion: warning -- Sausage_5_19_23-Ap2@survey_1 -- multiple scrap outer outlines not supported yet
...
therion: warning -- Sausage_5_19_23-Ap5@survey_1 -- multiple scrap outer outlines not supported yet
 done
writing output/lineplots/GD79 Sausage Cave KML.kml ... done


############### export maps & scraps selection #################
M   344.62 map_1@survey_1 ()
M   344.62 low@survey_1 ()
S   367.87 Sausage_5_19_23-Ap@survey_1 ()
S   357.25 Sausage_5_19_23-Ap1@survey_1 ()
S   347.33 Sausage_5_19_23-Ap2@survey_1 ()
S   334.27 Sausage_5_19_23-Ap3@survey_1 ()
S   330.12 Sausage_5_19_23-Ap4@survey_1 ()
S   330.86 Sausage_5_19_23-Ap5@survey_1 ()
########## end of export maps & scraps selection ###############
writing output/maps/final/GD79 Sausage Cave Plan.pdf ...
####################### metapost log file ########################
This is MetaPost, version 2.02 (TeX Live 2022) (kpathsea version 6.3.4)  23 MAY 2023 17:20
**data.mp
(/usr/local/texlive/2022/texmf-dist/metapost/base/mpost.mp
(/usr/local/texlive/2022/texmf-dist/metapost/base/plain.mp
Preloading the plain mem file, version 1.005) ) (./data.mp
{randomseed:=42}
 [1] [2] [3] [4]
[5] [6] [7] [8] [9] [10] [11] [12] [13] [14]
[1] [2] [3] [4] [5] [6] [7] [8] [9] [10] [11] [12] [13]
[Warning: scrap outline intersects itself in scrap Sausage_5_19_23-Ap2@survey_1
] [14] [15] [16] [17] [18] [19] [20] [21] [22] [23] [24] (./mptextmp.mp) [25]
[26] [27] [28] [29] [30] [31] [32] [33] [34] [35] [36] [37] [38] [39] [40]
[41] [42] [43] [44] [45] [46] [47] [48] [49] [50] [51] [52] [53] [54] [55]
[56] [57] [58] [59] )
 
Here is how much of MetaPost's memory you used:
 26210 strings using 582648 characters
 4270976 bytes of node memory
 1877 symbolic tokens
 9i,82n,16p,1211b,5f stack positions out of 16i,98n,20p,1483b,6f
73 output files written: data-patt.1 .. data.59


#################### end of metapost log file ####################
converting scraps ... done
making map ... done
######################## pdftex log file #########################
This is pdfTeX, Version 3.141592653-2.6-1.40.24 (TeX Live 2022) (preloaded format=pdftex 2022.9.8)  23 MAY 2023 17:20
entering extended mode
 restricted \write18 enabled.
 %&-line parsing enabled.
**data.tex
(./data.tex (./th_enc.tex) (./th_texts.tex) (./th_resources.tex
(/usr/local/texlive/2022/texmf-dist/tex/generic/pdftex/glyphtounicode.tex))
(./th_fontdef.tex{/usr/local/texlive/2022/texmf-var/fonts/map/pdftex/updmap/pdf
tex.map})
(./th_formdef.tex) (./th_pagedef.tex (./th_legend.tex)) (./th_pages.tex)
 137 numeric registers used out of 32768

[1] ) 
Here is how much of TeX's memory you used:
 362 strings out of 494594
 4795 string characters out of 6146452
 174662 words of memory out of 5000000
 2017 multiletter control sequences out of 15000+600000
 21229 words of font info for 66 fonts, out of 8000000 for 9000
 1416 hyphenation exceptions out of 8191
 12i,5n,7p,337b,78s stack positions out of 10000i,1000n,20000p,200000b,200000s
</usr/local/texlive/2022/texmf-dist/fonts/type1/public/amsfonts/cm/cmss10.
pfb></usr/local/texlive/2022/texmf-dist/fonts/type1/public/amsfonts/cm/cmssi10.
pfb>
Output written on data.pdf (1 page, 307344 bytes).
PDF statistics:
 220 PDF objects out of 1000 (max. 8388607)
 113 compressed objects within 2 object streams
 0 named destinations out of 1000 (max. 500000)
 611 words of extra memory for PDF output out of 10000 (max. 10000000)


##################### end of pdftex log file #####################
done


############### export maps & scraps selection #################
M   344.62 map_1@survey_1 ()
M   344.62 low@survey_1 ()
S   367.87 Sausage_5_19_23-Ap@survey_1 ()
S   357.25 Sausage_5_19_23-Ap1@survey_1 ()
S   347.33 Sausage_5_19_23-Ap2@survey_1 ()
S   334.27 Sausage_5_19_23-Ap3@survey_1 ()
S   330.12 Sausage_5_19_23-Ap4@survey_1 ()
S   330.86 Sausage_5_19_23-Ap5@survey_1 ()
########## end of export maps & scraps selection ###############
writing output/maps/final/GD79 Sausage Cave Plan (No Labels).pdf ...
####################### metapost log file ########################
This is MetaPost, version 2.02 (TeX Live 2022) (kpathsea version 6.3.4)  23 MAY 2023 17:20
**data.mp
(/usr/local/texlive/2022/texmf-dist/metapost/base/mpost.mp
(/usr/local/texlive/2022/texmf-dist/metapost/base/plain.mp
Preloading the plain mem file, version 1.005) ) (./data.mp
{randomseed:=42}
 [1] [2] [3] [4]
[5] [6] [7] [8] [9] [10] [11] [12] [13] [14]
[1] [2] [3] [4] [5] [6] [7] [8] [9] [10] [11]
[Warning: scrap outline intersects itself in scrap Sausage_5_19_23-Ap2@survey_1
] [12] [13] [14] [15] [16] [17] [18] [19] [20] [21] [22] (./mptextmp.mp) [23]
[24] [25] [26] [27] [28] [29] [30] [31] [32] [33] [34] [35] [36] [37] [38]
[39] [40] [41] [42] [43] [44] [45] [46] [47] [48] [49] [50] [51] [52] [53]
[54] [55] [56] )
 
Here is how much of MetaPost's memory you used:
 24591 strings using 536072 characters
 4270976 bytes of node memory
 1873 symbolic tokens
 9i,82n,16p,312b,5f stack positions out of 16i,98n,20p,312b,6f
70 output files written: data-patt.1 .. data.56


#################### end of metapost log file ####################
converting scraps ... done
making map ... done
######################## pdftex log file #########################
This is pdfTeX, Version 3.141592653-2.6-1.40.24 (TeX Live 2022) (preloaded format=pdftex 2022.9.8)  23 MAY 2023 17:20
entering extended mode
 restricted \write18 enabled.
 %&-line parsing enabled.
**data.tex
(./data.tex (./th_enc.tex) (./th_texts.tex) (./th_resources.tex
(/usr/local/texlive/2022/texmf-dist/tex/generic/pdftex/glyphtounicode.tex))
(./th_fontdef.tex{/usr/local/texlive/2022/texmf-var/fonts/map/pdftex/updmap/pdf
tex.map})
(./th_formdef.tex) (./th_pagedef.tex (./th_legend.tex)) (./th_pages.tex)
 134 numeric registers used out of 32768

[1] ) 
Here is how much of TeX's memory you used:
 359 strings out of 494594
 4766 string characters out of 6146452
 174662 words of memory out of 5000000
 2014 multiletter control sequences out of 15000+600000
 21229 words of font info for 66 fonts, out of 8000000 for 9000
 1416 hyphenation exceptions out of 8191
 12i,5n,7p,337b,78s stack positions out of 10000i,1000n,20000p,200000b,200000s
</usr/local/texlive/2022/texmf-dist/fonts/type1/public/amsfonts/cm/cmss10.
pfb></usr/local/texlive/2022/texmf-dist/fonts/type1/public/amsfonts/cm/cmssi10.
pfb>
Output written on data.pdf (1 page, 300481 bytes).
PDF statistics:
 214 PDF objects out of 1000 (max. 8388607)
 110 compressed objects within 2 object streams
 0 named destinations out of 1000 (max. 500000)
 593 words of extra memory for PDF output out of 10000 (max. 10000000)


##################### end of pdftex log file #####################
done


############### export maps & scraps selection #################
M   344.62 map_1@survey_1 ()
M   344.62 low@survey_1 ()
S   367.87 Sausage_5_19_23-Ap@survey_1 ()
S   357.25 Sausage_5_19_23-Ap1@survey_1 ()
S   347.33 Sausage_5_19_23-Ap2@survey_1 ()
S   334.27 Sausage_5_19_23-Ap3@survey_1 ()
S   330.12 Sausage_5_19_23-Ap4@survey_1 ()
S   330.86 Sausage_5_19_23-Ap5@survey_1 ()
########## end of export maps & scraps selection ###############
writing output/maps/final/GD79 Sausage Cave Plan (No Labels) (Altitude).pdf ...
####################### metapost log file ########################
This is MetaPost, version 2.02 (TeX Live 2022) (kpathsea version 6.3.4)  23 MAY 2023 17:20
**data.mp
(/usr/local/texlive/2022/texmf-dist/metapost/base/mpost.mp
(/usr/local/texlive/2022/texmf-dist/metapost/base/plain.mp
Preloading the plain mem file, version 1.005) ) (./data.mp
{randomseed:=42}
 [1] [2] [3] [4]
[5] [6] [7] [8] [9] [10] [11] [12] [13] [14]
[1] [2] [3] [4] [5] [6] [7] [8] [9] [10] [11]
[Warning: scrap outline intersects itself in scrap Sausage_5_19_23-Ap2@survey_1
] [12] [13] [14] [15] [16] [17] [18] [19] [20] [21] [22] (./mptextmp.mp) [23]
(./mptextmp.mp) (./mptextmp.mp) (./mptextmp.mp) (./mptextmp.mp) (./mptextmp.mp)
(./mptextmp.mp) (./mptextmp.mp) [24] [25] [26] [27] [28] [29] [30] [31] [32]
[33] [34] [35] [36] [37] [38] [39] [40] [41] [42] [43] [44] [45] [46] [47]
[48] [49] [50] [51] [52] [53] [54] [55] [56] [57] )
 
Here is how much of MetaPost's memory you used:
 24756 strings using 540037 characters
 4270976 bytes of node memory
 1874 symbolic tokens
 10i,82n,19p,461b,5f stack positions out of 16i,98n,20p,487b,6f
71 output files written: data-patt.1 .. data.57


#################### end of metapost log file ####################
converting scraps ... done
making map ... done
######################## pdftex log file #########################
This is pdfTeX, Version 3.141592653-2.6-1.40.24 (TeX Live 2022) (preloaded format=pdftex 2022.9.8)  23 MAY 2023 17:20
entering extended mode
 restricted \write18 enabled.
 %&-line parsing enabled.
**data.tex
(./data.tex (./th_enc.tex) (./th_texts.tex) (./th_resources.tex
(/usr/local/texlive/2022/texmf-dist/tex/generic/pdftex/glyphtounicode.tex))
(./th_fontdef.tex{/usr/local/texlive/2022/texmf-var/fonts/map/pdftex/updmap/pdf
tex.map}<<th_gour_aaaaaaa.dat>><<th_gour_aaaaaac.dat>><<th_gour_aaaaaae.dat>><<
th_gour_aaaaaag.dat>><<th_gour_aaaaaai.dat>><<th_gour_aaaaaba.dat>>)
(./th_formdef.tex) (./th_pagedef.tex (./th_legendcolor.tex) (./th_legend.tex))
(./th_pages.tex)
 147 numeric registers used out of 32768
 [1] ) 
Here is how much of TeX's memory you used:
 375 strings out of 494594
 4916 string characters out of 6146452
 180696 words of memory out of 5000000
 2027 multiletter control sequences out of 15000+600000
 21229 words of font info for 66 fonts, out of 8000000 for 9000
 1416 hyphenation exceptions out of 8191
 12i,6n,7p,388b,78s stack positions out of 10000i,1000n,20000p,200000b,200000s
</usr/local/texlive/2022/texmf-dist/fonts/type1/public/amsfonts/cm/cmss10
.pfb></usr/local/texlive/2022/texmf-dist/fonts/type1/public/amsfonts/cm/cmssi10
.pfb>
Output written on data.pdf (1 page, 309994 bytes).
PDF statistics:
 246 PDF objects out of 1000 (max. 8388607)
 129 compressed objects within 2 object streams
 0 named destinations out of 1000 (max. 500000)
 707 words of extra memory for PDF output out of 10000 (max. 10000000)


##################### end of pdftex log file #####################
done


############### export maps & scraps selection #################
M   344.62 map_1@survey_1 ()
M   344.62 low@survey_1 ()
S   367.87 Sausage_5_19_23-Ap@survey_1 ()
S   357.25 Sausage_5_19_23-Ap1@survey_1 ()
S   347.33 Sausage_5_19_23-Ap2@survey_1 ()
S   334.27 Sausage_5_19_23-Ap3@survey_1 ()
S   330.12 Sausage_5_19_23-Ap4@survey_1 ()
S   330.86 Sausage_5_19_23-Ap5@survey_1 ()
########## end of export maps & scraps selection ###############
writing output/maps/final/GD79 Sausage Cave Plan (Altitude).pdf ...
####################### metapost log file ########################
This is MetaPost, version 2.02 (TeX Live 2022) (kpathsea version 6.3.4)  23 MAY 2023 17:20
**data.mp
(/usr/local/texlive/2022/texmf-dist/metapost/base/mpost.mp
(/usr/local/texlive/2022/texmf-dist/metapost/base/plain.mp
Preloading the plain mem file, version 1.005) ) (./data.mp
{randomseed:=42}
 [1] [2] [3] [4]
[5] [6] [7] [8] [9] [10] [11] [12] [13] [14]
[1] [2] [3] [4] [5] [6] [7] [8] [9] [10] [11] [12] [13]
[Warning: scrap outline intersects itself in scrap Sausage_5_19_23-Ap2@survey_1
] [14] [15] [16] [17] [18] [19] [20] [21] [22] [23] [24] (./mptextmp.mp) [25]
(./mptextmp.mp) (./mptextmp.mp) (./mptextmp.mp) (./mptextmp.mp) (./mptextmp.mp)
(./mptextmp.mp) (./mptextmp.mp) [26] [27] [28] [29] [30] [31] [32] [33] [34]
[35] [36] [37] [38] [39] [40] [41] [42] [43] [44] [45] [46] [47] [48] [49]
[50] [51] [52] [53] [54] [55] [56] [57] [58] [59] [60] )
 
Here is how much of MetaPost's memory you used:
 26374 strings using 586611 characters
 4270976 bytes of node memory
 1878 symbolic tokens
 10i,82n,19p,1211b,5f stack positions out of 16i,98n,20p,1483b,6f
74 output files written: data-patt.1 .. data.60


#################### end of metapost log file ####################
converting scraps ... done
making map ... done
######################## pdftex log file #########################
This is pdfTeX, Version 3.141592653-2.6-1.40.24 (TeX Live 2022) (preloaded format=pdftex 2022.9.8)  23 MAY 2023 17:20
entering extended mode
 restricted \write18 enabled.
 %&-line parsing enabled.
**data.tex
(./data.tex (./th_enc.tex) (./th_texts.tex) (./th_resources.tex
(/usr/local/texlive/2022/texmf-dist/tex/generic/pdftex/glyphtounicode.tex))
(./th_fontdef.tex{/usr/local/texlive/2022/texmf-var/fonts/map/pdftex/updmap/pdf
tex.map}<<th_gour_aaaaaaa.dat>><<th_gour_aaaaaac.dat>><<th_gour_aaaaaae.dat>><<
th_gour_aaaaaag.dat>><<th_gour_aaaaaai.dat>><<th_gour_aaaaaba.dat>>)
(./th_formdef.tex) (./th_pagedef.tex (./th_legendcolor.tex) (./th_legend.tex))
(./th_pages.tex)
 150 numeric registers used out of 32768
 [1] ) 
Here is how much of TeX's memory you used:
 378 strings out of 494594
 4945 string characters out of 6146452
 180696 words of memory out of 5000000
 2030 multiletter control sequences out of 15000+600000
 21229 words of font info for 66 fonts, out of 8000000 for 9000
 1416 hyphenation exceptions out of 8191
 12i,6n,7p,388b,78s stack positions out of 10000i,1000n,20000p,200000b,200000s
</usr/local/texlive/2022/texmf-dist/fonts/type1/public/amsfonts/cm/cmss10
.pfb></usr/local/texlive/2022/texmf-dist/fonts/type1/public/amsfonts/cm/cmssi10
.pfb>
Output written on data.pdf (1 page, 316842 bytes).
PDF statistics:
 252 PDF objects out of 1000 (max. 8388607)
 132 compressed objects within 2 object streams
 0 named destinations out of 1000 (max. 500000)
 725 words of extra memory for PDF output out of 10000 (max. 10000000)


##################### end of pdftex log file #####################
done


############### export maps & scraps selection #################
M   344.62 map_1@survey_1 ()
M   344.62 low@survey_1 ()
S   367.87 Sausage_5_19_23-Ap@survey_1 ()
S   357.25 Sausage_5_19_23-Ap1@survey_1 ()
S   347.33 Sausage_5_19_23-Ap2@survey_1 ()
S   334.27 Sausage_5_19_23-Ap3@survey_1 ()
S   330.12 Sausage_5_19_23-Ap4@survey_1 ()
S   330.86 Sausage_5_19_23-Ap5@survey_1 ()
########## end of export maps & scraps selection ###############
writing output/maps/working/GD79 Sausage Cave Plan (Working).pdf ...
####################### metapost log file ########################
This is MetaPost, version 2.02 (TeX Live 2022) (kpathsea version 6.3.4)  23 MAY 2023 17:20
**data.mp
(/usr/local/texlive/2022/texmf-dist/metapost/base/mpost.mp
(/usr/local/texlive/2022/texmf-dist/metapost/base/plain.mp
Preloading the plain mem file, version 1.005) ) (./data.mp
{randomseed:=42}
 [1] [2] [3] [4]
[5] [6] [7] [8] [9] [10] [11] [12] [13] [14]
[1] [2] [3] [4] [5] [6] [7] [8] [9] [10] [11] [12] [13]
[Warning: scrap outline intersects itself in scrap Sausage_5_19_23-Ap2@survey_1
] [14] [15] [16] [17] [18] [19] [20] [21] [22] [23] [24] [25] (./mptextmp.mp)
[26] [27] [28] [29] [30] [31] [32] [33] [34] [35] [36] [37] [38] [39] [40]
[41] [42] [43] [44] [45] [46] [47] [48] [49] [50] [51] [52] [53] [54] [55]
[56] [57] [58] [59] [60] )
 
Here is how much of MetaPost's memory you used:
 39195 strings using 989661 characters
 4267648 bytes of node memory
 1878 symbolic tokens
 9i,82n,20p,1211b,5f stack positions out of 16i,98n,25p,1483b,6f
74 output files written: data-patt.1 .. data.60


#################### end of metapost log file ####################
converting scraps ... done
making map ... done
######################## pdftex log file #########################
This is pdfTeX, Version 3.141592653-2.6-1.40.24 (TeX Live 2022) (preloaded format=pdftex 2022.9.8)  23 MAY 2023 17:20
entering extended mode
 restricted \write18 enabled.
 %&-line parsing enabled.
**data.tex
(./data.tex (./th_enc.tex) (./th_texts.tex) (./th_resources.tex
(/usr/local/texlive/2022/texmf-dist/tex/generic/pdftex/glyphtounicode.tex))
(./th_fontdef.tex{/usr/local/texlive/2022/texmf-var/fonts/map/pdftex/updmap/pdf
tex.map})
(./th_formdef.tex) (./th_pagedef.tex (./th_legend.tex)) (./th_pages.tex)
 138 numeric registers used out of 32768

[1] ) 
Here is how much of TeX's memory you used:
 363 strings out of 494594
 4806 string characters out of 6146452
 170851 words of memory out of 5000000
 2018 multiletter control sequences out of 15000+600000
 21229 words of font info for 66 fonts, out of 8000000 for 9000
 1416 hyphenation exceptions out of 8191
 12i,5n,7p,337b,78s stack positions out of 10000i,1000n,20000p,200000b,200000s
</usr/local/texlive/2022/texmf-dist/fonts/type1/public/amsfonts/cm/cmss10.
pfb></usr/local/texlive/2022/texmf-dist/fonts/type1/public/amsfonts/cm/cmssi10.
pfb>
Output written on data.pdf (1 page, 335537 bytes).
PDF statistics:
 222 PDF objects out of 1000 (max. 8388607)
 114 compressed objects within 2 object streams
 0 named destinations out of 1000 (max. 500000)
 617 words of extra memory for PDF output out of 10000 (max. 10000000)


##################### end of pdftex log file #####################
done


############### export maps & scraps selection #################
M   344.62 map_1@survey_1 ()
M   344.62 low@survey_1 ()
S   367.87 Sausage_5_19_23-Ap@survey_1 ()
S   357.25 Sausage_5_19_23-Ap1@survey_1 ()
S   347.33 Sausage_5_19_23-Ap2@survey_1 ()
S   334.27 Sausage_5_19_23-Ap3@survey_1 ()
S   330.12 Sausage_5_19_23-Ap4@survey_1 ()
S   330.86 Sausage_5_19_23-Ap5@survey_1 ()
########## end of export maps & scraps selection ###############
writing output/maps/working/GD79 Sausage Cave Plan (Working Altitude).pdf ...
####################### metapost log file ########################
This is MetaPost, version 2.02 (TeX Live 2022) (kpathsea version 6.3.4)  23 MAY 2023 17:20
**data.mp
(/usr/local/texlive/2022/texmf-dist/metapost/base/mpost.mp
(/usr/local/texlive/2022/texmf-dist/metapost/base/plain.mp
Preloading the plain mem file, version 1.005) ) (./data.mp
{randomseed:=42}
 [1] [2] [3] [4]
[5] [6] [7] [8] [9] [10] [11] [12] [13] [14]
[1] [2] [3] [4] [5] [6] [7] [8] [9] [10] [11] [12] [13]
[Warning: scrap outline intersects itself in scrap Sausage_5_19_23-Ap2@survey_1
] [14] [15] [16] [17] [18] [19] [20] [21] [22] [23] [24] [25] (./mptextmp.mp)
[26] (./mptextmp.mp) (./mptextmp.mp) (./mptextmp.mp) (./mptextmp.mp)
(./mptextmp.mp) (./mptextmp.mp) (./mptextmp.mp) [27] [28] [29] [30] [31] [32]
[33] [34] [35] [36] [37] [38] [39] [40] [41] [42] [43] [44] [45] [46] [47]
[48] [49] [50] [51] [52] [53] [54] [55] [56] [57] [58] [59] [60] [61] )
 
Here is how much of MetaPost's memory you used:
 39358 strings using 993622 characters
 4267648 bytes of node memory
 1879 symbolic tokens
 10i,82n,20p,1211b,5f stack positions out of 16i,98n,25p,1483b,6f
75 output files written: data-patt.1 .. data.61


#################### end of metapost log file ####################
converting scraps ... done
making map ... done
######################## pdftex log file #########################
This is pdfTeX, Version 3.141592653-2.6-1.40.24 (TeX Live 2022) (preloaded format=pdftex 2022.9.8)  23 MAY 2023 17:20
entering extended mode
 restricted \write18 enabled.
 %&-line parsing enabled.
**data.tex
(./data.tex (./th_enc.tex) (./th_texts.tex) (./th_resources.tex
(/usr/local/texlive/2022/texmf-dist/tex/generic/pdftex/glyphtounicode.tex))
(./th_fontdef.tex{/usr/local/texlive/2022/texmf-var/fonts/map/pdftex/updmap/pdf
tex.map}<<th_gour_aaaaaaa.dat>><<th_gour_aaaaaac.dat>><<th_gour_aaaaaae.dat>><<
th_gour_aaaaaag.dat>><<th_gour_aaaaaai.dat>><<th_gour_aaaaaba.dat>>)
(./th_formdef.tex) (./th_pagedef.tex (./th_legendcolor.tex) (./th_legend.tex))
(./th_pages.tex)
 151 numeric registers used out of 32768
 [1] ) 
Here is how much of TeX's memory you used:
 379 strings out of 494594
 4956 string characters out of 6146452
 176885 words of memory out of 5000000
 2031 multiletter control sequences out of 15000+600000
 21229 words of font info for 66 fonts, out of 8000000 for 9000
 1416 hyphenation exceptions out of 8191
 12i,6n,7p,388b,78s stack positions out of 10000i,1000n,20000p,200000b,200000s
</usr/local/texlive/2022/texmf-dist/fonts/type1/public/amsfonts/cm/cmss10
.pfb></usr/local/texlive/2022/texmf-dist/fonts/type1/public/amsfonts/cm/cmssi10
.pfb>
Output written on data.pdf (1 page, 344993 bytes).
PDF statistics:
 254 PDF objects out of 1000 (max. 8388607)
 133 compressed objects within 2 object streams
 0 named destinations out of 1000 (max. 500000)
 731 words of extra memory for PDF output out of 10000 (max. 10000000)


##################### end of pdftex log file #####################
done
writing output/leads/GD79 Sausage Cave Leads.html ... done
writing xtherion file ... done
compilation time: 8 sec


######################### loop errors ##########################
REL-ERR ABS-ERR TOTAL-L STS X-ERROR Y-ERROR Z-ERROR STATIONS
  1.24%    0.3m   21.9m   5   -0.1m    0.3m    0.0m [A14@survey_1 - A16.2 - A16.1 - A16 - A15 - A14]
##################### end of loop errors #######################


###################### scrap distortions #######################
 PROJECTION: plan
 AVERAGE  MAXIMAL  SCRAP
   0.47%   21.91%  Sausage_5_19_23-Ap2@survey_1
   0.08%   11.45%  Sausage_5_19_23-Ap5@survey_1
   0.03%    3.93%  Sausage_5_19_23-Ap3@survey_1
   0.04%    1.29%  Sausage_5_19_23-Ap4@survey_1
   0.05%    1.14%  Sausage_5_19_23-Ap1@survey_1
   0.00%    0.06%  Sausage_5_19_23-Ap@survey_1
################### end of scrap distortions ###################

############# CRS transformations chosen by PROJ ###############
  Area of Use (AoU): (-85.612, 35.457) (-85.612, 35.457)
  [LONG-LAT → LAT-LONG] AoU: [no] transformation: [axis order change (2D) + Null geographic offset from WGS 84 to WGS 84 + axis order change (2D)] definition: [proj=noop ellps=GRS80] accuracy: [0.000 m]
  [LONG-LAT → LAT-LONG] AoU: [yes] transformation: [axis order change (2D) + Null geographic offset from WGS 84 to WGS 84 + axis order change (2D)] definition: [proj=noop ellps=GRS80] accuracy: [0.000 m]
  [LONG-LAT → UTM16] AoU: [yes] transformation: [axis order change (2D) + UTM zone 16N] definition: [proj=pipeline step proj=unitconvert xy_in=deg xy_out=rad step proj=utm zone=16 ellps=WGS84] accuracy: [0.000 m]
  [LONG-LAT → EPSG:4326] AoU: [yes] transformation: [axis order change (2D) + Null geographic offset from WGS 84 to WGS 84 + axis order change (2D)] definition: [proj=noop ellps=GRS80] accuracy: [0.000 m]
  [UTM16 → LONG-LAT] AoU: [yes] transformation: [Inverse of UTM zone 16N + axis order change (2D)] definition: [proj=pipeline step inv proj=utm zone=16 ellps=WGS84 step proj=unitconvert xy_in=rad xy_out=deg] accuracy: [0.000 m]
  [UTM16 → EPSG:4326] AoU: [yes] transformation: [Inverse of UTM zone 16N + axis order change (2D)] definition: [proj=pipeline step inv proj=utm zone=16 ellps=WGS84 step proj=unitconvert xy_in=rad xy_out=deg] accuracy: [0.000 m]
  [EPSG:4326 → UTM16] AoU: [yes] transformation: [axis order change (2D) + UTM zone 16N] definition: [proj=pipeline step proj=unitconvert xy_in=deg xy_out=rad step proj=utm zone=16 ellps=WGS84] accuracy: [0.000 m]
########## end of CRS transformations chosen by PROJ ###########
